<?xml version="1.0" encoding="UTF-8"?>
<!-- Generated by org.testng.reporters.JUnitXMLReporter -->
<testsuite ignored="0" hostname="Aamirs-MacBook-Pro.local" failures="0" tests="3" name="Default test" time="0.331" errors="0" timestamp="2022-11-13T16:50:03 CET">
  <testcase classname="STOREDFUNCTIONTEST.SFTESTING" name="Test_ifSFEXIST" time="0.028"/>
  <testcase classname="STOREDFUNCTIONTEST.SFTESTING" name="Test_customerlvl" time="0.013"/>
  <testcase classname="STOREDFUNCTIONTEST.SFTESTING" name="test_cuslevel" time="0.021"/>
</testsuite> <!-- Default test -->
