<?xml version="1.0" encoding="UTF-8"?>
<testng-results ignored="0" total="3" passed="3" failed="0" skipped="0">
  <reporter-output>
  </reporter-output>
  <suite started-at="2022-11-13T16:50:03 CET" name="Default suite" finished-at="2022-11-13T16:50:03 CET" duration-ms="331">
    <groups>
    </groups>
    <test started-at="2022-11-13T16:50:03 CET" name="Default test" finished-at="2022-11-13T16:50:03 CET" duration-ms="331">
      <class name="STOREDFUNCTIONTEST.SFTESTING">
        <test-method is-config="true" signature="setup()[pri:0, instance:STOREDFUNCTIONTEST.SFTESTING@659a969b]" started-at="2022-11-13T16:50:03 CET" name="setup" finished-at="2022-11-13T16:50:03 CET" duration-ms="248" status="PASS">
          <reporter-output>
          </reporter-output>
        </test-method> <!-- setup -->
        <test-method signature="Test_ifSFEXIST()[pri:1, instance:STOREDFUNCTIONTEST.SFTESTING@659a969b]" started-at="2022-11-13T16:50:03 CET" name="Test_ifSFEXIST" finished-at="2022-11-13T16:50:03 CET" duration-ms="28" status="PASS">
          <reporter-output>
          </reporter-output>
        </test-method> <!-- Test_ifSFEXIST -->
        <test-method signature="Test_customerlvl()[pri:2, instance:STOREDFUNCTIONTEST.SFTESTING@659a969b]" started-at="2022-11-13T16:50:03 CET" name="Test_customerlvl" finished-at="2022-11-13T16:50:03 CET" duration-ms="13" status="PASS">
          <reporter-output>
          </reporter-output>
        </test-method> <!-- Test_customerlvl -->
        <test-method signature="test_cuslevel()[pri:3, instance:STOREDFUNCTIONTEST.SFTESTING@659a969b]" started-at="2022-11-13T16:50:03 CET" name="test_cuslevel" finished-at="2022-11-13T16:50:03 CET" duration-ms="21" status="PASS">
          <reporter-output>
          </reporter-output>
        </test-method> <!-- test_cuslevel -->
        <test-method is-config="true" signature="teardown()[pri:0, instance:STOREDFUNCTIONTEST.SFTESTING@659a969b]" started-at="2022-11-13T16:50:03 CET" name="teardown" finished-at="2022-11-13T16:50:03 CET" duration-ms="2" status="PASS">
          <reporter-output>
          </reporter-output>
        </test-method> <!-- teardown -->
      </class> <!-- STOREDFUNCTIONTEST.SFTESTING -->
    </test> <!-- Default test -->
  </suite> <!-- Default suite -->
</testng-results>
